Using pre-set license
Built from '2020.3/staging' branch; Version is '2020.3.6f1 (338bb68529b2) revision 3378102'; Using compiler version '192528614'; Build Type 'Release'
OS: 'Windows 10 Home; OS build 19041.985; Version 2004; 64bit' Language: 'en' Physical Memory: 16235 MB
BatchMode: 1, IsHumanControllingUs: 0, StartBugReporterOnCrash: 0, Is64bit: 1, IsPro: 0

 COMMAND LINE ARGUMENTS:
C:\Program Files\Unity\Hub\Editor\2020.3.6f1\Editor\Unity.exe
-adb2
-batchMode
-noUpm
-name
AssetImportWorker0
-projectPath
D:/Unity/Project Vrij/The-Grave-Keeper/The Grave Keeper
-logFile
Logs/AssetImportWorker0.log
-srvPort
56861
Successfully changed project path to: D:/Unity/Project Vrij/The-Grave-Keeper/The Grave Keeper
D:/Unity/Project Vrij/The-Grave-Keeper/The Grave Keeper
Using Asset Import Pipeline V2.
Refreshing native plugins compatible for Editor in 60.25 ms, found 1 plugins.
Preloading 0 native plugins for Editor in 0.00 ms.
Initialize engine version: 2020.3.6f1 (338bb68529b2)
[Subsystems] Discovering subsystems at path C:/Program Files/Unity/Hub/Editor/2020.3.6f1/Editor/Data/Resources/UnitySubsystems
[Subsystems] Discovering subsystems at path D:/Unity/Project Vrij/The-Grave-Keeper/The Grave Keeper/Assets
GfxDevice: creating device client; threaded=0
Direct3D:
    Version:  Direct3D 11.0 [level 11.1]
    Renderer: NVIDIA GeForce GTX 1650 (ID=0x1f91)
    Vendor:   
    VRAM:     3962 MB
    Driver:   27.21.14.6627
Initialize mono
Mono path[0] = 'C:/Program Files/Unity/Hub/Editor/2020.3.6f1/Editor/Data/Managed'
Mono path[1] = 'C:/Program Files/Unity/Hub/Editor/2020.3.6f1/Editor/Data/MonoBleedingEdge/lib/mono/unityjit'
Mono config path = 'C:/Program Files/Unity/Hub/Editor/2020.3.6f1/Editor/Data/MonoBleedingEdge/etc'
Using monoOptions --debugger-agent=transport=dt_socket,embedding=1,server=y,suspend=n,address=127.0.0.1:56204
Begin MonoManager ReloadAssembly
Registering precompiled unity dll's ...
Register platform support module: C:/Program Files/Unity/Hub/Editor/2020.3.6f1/Editor/Data/PlaybackEngines/WindowsStandaloneSupport/UnityEditor.WindowsStandalone.Extensions.dll
Registered in 0.003376 seconds.
Native extension for WindowsStandalone target not found
Refreshing native plugins compatible for Editor in 59.73 ms, found 1 plugins.
Preloading 0 native plugins for Editor in 0.00 ms.
Mono: successfully reloaded assembly
- Completed reload, in  1.857 seconds
Platform modules already initialized, skipping
Registering precompiled user dll's ...
Registered in 0.005895 seconds.
Begin MonoManager ReloadAssembly
Native extension for WindowsStandalone target not found
Refreshing native plugins compatible for Editor in 57.96 ms, found 1 plugins.
Preloading 0 native plugins for Editor in 0.00 ms.
Mono: successfully reloaded assembly
- Completed reload, in  1.654 seconds
Platform modules already initialized, skipping
========================================================================
Worker process is ready to serve import requests
Launched and connected shader compiler UnityShaderCompiler.exe after 0.08 seconds
Refreshing native plugins compatible for Editor in 0.51 ms, found 1 plugins.
Preloading 0 native plugins for Editor in 0.00 ms.
Unloading 1846 Unused Serialized files (Serialized files now loaded: 0)
System memory in use before: 86.2 MB.
System memory in use after: 86.1 MB.

Unloading 34 unused Assets to reduce memory usage. Loaded Objects now: 2280.
Total: 2.873800 ms (FindLiveObjects: 0.249700 ms CreateObjectMapping: 0.127300 ms MarkObjects: 2.317000 ms  DeleteObjects: 0.177700 ms)

========================================================================
Received Import Request.
  path: Assets/Scenes/PlaytestScene.unity
  artifactKey: Guid(bcd645f53ab6e1146805b44c4a729fa9) Importer(815301076,1909f56bfc062723c751e8b465ee728b)
Start importing Assets/Scenes/PlaytestScene.unity using Guid(bcd645f53ab6e1146805b44c4a729fa9) Importer(815301076,1909f56bfc062723c751e8b465ee728b)  -> (artifact id: '6d41740a1c0d7b17f1e2b98afdf44442') in 0.021765 seconds
  Import took 0.025974 seconds .

========================================================================
Received Prepare
Registering precompiled user dll's ...
Registered in 0.007790 seconds.
Begin MonoManager ReloadAssembly
Native extension for WindowsStandalone target not found
Refreshing native plugins compatible for Editor in 0.57 ms, found 1 plugins.
Preloading 0 native plugins for Editor in 0.00 ms.
Mono: successfully reloaded assembly
- Completed reload, in  1.457 seconds
Platform modules already initialized, skipping
Refreshing native plugins compatible for Editor in 0.53 ms, found 1 plugins.
Preloading 0 native plugins for Editor in 0.00 ms.
Unloading 1841 Unused Serialized files (Serialized files now loaded: 0)
System memory in use before: 86.2 MB.
System memory in use after: 86.1 MB.

Unloading 22 unused Assets to reduce memory usage. Loaded Objects now: 2284.
Total: 3.447500 ms (FindLiveObjects: 0.284500 ms CreateObjectMapping: 0.124000 ms MarkObjects: 2.883600 ms  DeleteObjects: 0.154100 ms)

========================================================================
Received Import Request.
  Time since last request: 176.767374 seconds.
  path: Assets/Dialogue/Bluey.yarn
  artifactKey: Guid(b556f3c063403ff4dbf59e33b083b30e) Importer(815301076,1909f56bfc062723c751e8b465ee728b)
Start importing Assets/Dialogue/Bluey.yarn using Guid(b556f3c063403ff4dbf59e33b083b30e) Importer(815301076,1909f56bfc062723c751e8b465ee728b)  -> (artifact id: 'f0d9ffc44c14bf7780655e25c2b3642d') in 0.431663 seconds
  Import took 0.437462 seconds .

========================================================================
Received Import Request.
  Time since last request: 0.000329 seconds.
  path: Assets/Dialogue/Green.yarn
  artifactKey: Guid(7a973275d21ef0a438f9161f32929ad6) Importer(815301076,1909f56bfc062723c751e8b465ee728b)
Start importing Assets/Dialogue/Green.yarn using Guid(7a973275d21ef0a438f9161f32929ad6) Importer(815301076,1909f56bfc062723c751e8b465ee728b)  -> (artifact id: 'ee695b0a52f8f6cd0d7f9846ab1de913') in 0.053535 seconds
  Import took 0.057825 seconds .

========================================================================
Received Prepare
Registering precompiled user dll's ...
Registered in 0.006421 seconds.
Begin MonoManager ReloadAssembly
Native extension for WindowsStandalone target not found
Refreshing native plugins compatible for Editor in 0.58 ms, found 1 plugins.
Preloading 0 native plugins for Editor in 0.00 ms.
Mono: successfully reloaded assembly
- Completed reload, in  1.521 seconds
Platform modules already initialized, skipping
Refreshing native plugins compatible for Editor in 1.36 ms, found 1 plugins.
Preloading 0 native plugins for Editor in 0.00 ms.
Unloading 1841 Unused Serialized files (Serialized files now loaded: 0)
System memory in use before: 86.2 MB.
System memory in use after: 86.2 MB.

Unloading 22 unused Assets to reduce memory usage. Loaded Objects now: 2288.
Total: 3.212300 ms (FindLiveObjects: 0.280700 ms CreateObjectMapping: 0.101800 ms MarkObjects: 2.563500 ms  DeleteObjects: 0.264100 ms)

========================================================================
Received Prepare
Registering precompiled user dll's ...
Registered in 0.005727 seconds.
Begin MonoManager ReloadAssembly
Native extension for WindowsStandalone target not found
Refreshing native plugins compatible for Editor in 0.55 ms, found 1 plugins.
Preloading 0 native plugins for Editor in 0.00 ms.
Mono: successfully reloaded assembly
- Completed reload, in  1.596 seconds
Platform modules already initialized, skipping
Refreshing native plugins compatible for Editor in 0.54 ms, found 1 plugins.
Preloading 0 native plugins for Editor in 0.00 ms.
Unloading 1841 Unused Serialized files (Serialized files now loaded: 0)
System memory in use before: 86.2 MB.
System memory in use after: 86.2 MB.

Unloading 22 unused Assets to reduce memory usage. Loaded Objects now: 2292.
Total: 2.851800 ms (FindLiveObjects: 0.400800 ms CreateObjectMapping: 0.104400 ms MarkObjects: 2.200200 ms  DeleteObjects: 0.144500 ms)

========================================================================
Received Prepare
Registering precompiled user dll's ...
Registered in 0.005448 seconds.
Begin MonoManager ReloadAssembly
Native extension for WindowsStandalone target not found
Refreshing native plugins compatible for Editor in 0.58 ms, found 1 plugins.
Preloading 0 native plugins for Editor in 0.00 ms.
Mono: successfully reloaded assembly
- Completed reload, in  1.490 seconds
Platform modules already initialized, skipping
Refreshing native plugins compatible for Editor in 0.52 ms, found 1 plugins.
Preloading 0 native plugins for Editor in 0.00 ms.
Unloading 1841 Unused Serialized files (Serialized files now loaded: 0)
System memory in use before: 86.2 MB.
System memory in use after: 86.2 MB.

Unloading 22 unused Assets to reduce memory usage. Loaded Objects now: 2296.
Total: 3.077100 ms (FindLiveObjects: 0.261300 ms CreateObjectMapping: 0.105900 ms MarkObjects: 2.539200 ms  DeleteObjects: 0.169000 ms)

========================================================================
Received Import Request.
  Time since last request: 181.514832 seconds.
  path: Assets/Scenes/PlaytestScene.unity
  artifactKey: Guid(bcd645f53ab6e1146805b44c4a729fa9) Importer(815301076,1909f56bfc062723c751e8b465ee728b)
Start importing Assets/Scenes/PlaytestScene.unity using Guid(bcd645f53ab6e1146805b44c4a729fa9) Importer(815301076,1909f56bfc062723c751e8b465ee728b)  -> (artifact id: '277c534d8655fc0710cbcfaa326441a9') in 0.025434 seconds
  Import took 0.056015 seconds .

========================================================================
Received Import Request.
  Time since last request: 9.087806 seconds.
  path: Assets/Scenes/TestScene.unity
  artifactKey: Guid(2cda990e2423bbf4892e6590ba056729) Importer(815301076,1909f56bfc062723c751e8b465ee728b)
Start importing Assets/Scenes/TestScene.unity using Guid(2cda990e2423bbf4892e6590ba056729) Importer(815301076,1909f56bfc062723c751e8b465ee728b)  -> (artifact id: '5974476eaf785d84e4383214b8cd6293') in 0.026072 seconds
  Import took 0.032166 seconds .

========================================================================
Received Import Request.
  Time since last request: 7.440391 seconds.
  path: Assets/Scenes/PlaytestScene.unity
  artifactKey: Guid(bcd645f53ab6e1146805b44c4a729fa9) Importer(815301076,1909f56bfc062723c751e8b465ee728b)
Start importing Assets/Scenes/PlaytestScene.unity using Guid(bcd645f53ab6e1146805b44c4a729fa9) Importer(815301076,1909f56bfc062723c751e8b465ee728b)  -> (artifact id: '1f60825e7e856e53fd6d5ff091340990') in 0.002605 seconds
  Import took 0.007977 seconds .

========================================================================
Received Prepare
Registering precompiled user dll's ...
Registered in 0.005836 seconds.
Begin MonoManager ReloadAssembly
Native extension for WindowsStandalone target not found
Refreshing native plugins compatible for Editor in 0.57 ms, found 1 plugins.
Preloading 0 native plugins for Editor in 0.00 ms.
Mono: successfully reloaded assembly
- Completed reload, in  1.479 seconds
Platform modules already initialized, skipping
Refreshing native plugins compatible for Editor in 0.55 ms, found 1 plugins.
Preloading 0 native plugins for Editor in 0.00 ms.
Unloading 1841 Unused Serialized files (Serialized files now loaded: 0)
System memory in use before: 86.2 MB.
System memory in use after: 86.2 MB.

Unloading 22 unused Assets to reduce memory usage. Loaded Objects now: 2300.
Total: 3.240800 ms (FindLiveObjects: 0.274700 ms CreateObjectMapping: 0.109300 ms MarkObjects: 2.709200 ms  DeleteObjects: 0.146000 ms)

========================================================================
Received Prepare
Registering precompiled user dll's ...
Registered in 0.005563 seconds.
Begin MonoManager ReloadAssembly
Native extension for WindowsStandalone target not found
Refreshing native plugins compatible for Editor in 0.56 ms, found 1 plugins.
Preloading 0 native plugins for Editor in 0.00 ms.
Mono: successfully reloaded assembly
- Completed reload, in  1.441 seconds
Platform modules already initialized, skipping
Refreshing native plugins compatible for Editor in 0.54 ms, found 1 plugins.
Preloading 0 native plugins for Editor in 0.00 ms.
Unloading 1841 Unused Serialized files (Serialized files now loaded: 0)
System memory in use before: 86.3 MB.
System memory in use after: 86.2 MB.

Unloading 22 unused Assets to reduce memory usage. Loaded Objects now: 2304.
Total: 5.903400 ms (FindLiveObjects: 0.768200 ms CreateObjectMapping: 0.163300 ms MarkObjects: 4.777600 ms  DeleteObjects: 0.191100 ms)

========================================================================
Received Import Request.
  Time since last request: 96.242206 seconds.
  path: Assets/Scenes/PlaytestScene.unity
  artifactKey: Guid(bcd645f53ab6e1146805b44c4a729fa9) Importer(815301076,1909f56bfc062723c751e8b465ee728b)
Start importing Assets/Scenes/PlaytestScene.unity using Guid(bcd645f53ab6e1146805b44c4a729fa9) Importer(815301076,1909f56bfc062723c751e8b465ee728b)  -> (artifact id: '0ca5a0174c78a3c99efc8164edf28079') in 0.019523 seconds
  Import took 0.041988 seconds .

========================================================================
Received Prepare
Registering precompiled user dll's ...
Registered in 0.006655 seconds.
Begin MonoManager ReloadAssembly
Native extension for WindowsStandalone target not found
Refreshing native plugins compatible for Editor in 1.23 ms, found 1 plugins.
Preloading 0 native plugins for Editor in 0.00 ms.
Mono: successfully reloaded assembly
- Completed reload, in  2.641 seconds
Platform modules already initialized, skipping
Refreshing native plugins compatible for Editor in 1.18 ms, found 1 plugins.
Preloading 0 native plugins for Editor in 0.00 ms.
Unloading 1841 Unused Serialized files (Serialized files now loaded: 0)
System memory in use before: 86.3 MB.
System memory in use after: 86.2 MB.

Unloading 22 unused Assets to reduce memory usage. Loaded Objects now: 2308.
Total: 10.141300 ms (FindLiveObjects: 0.934800 ms CreateObjectMapping: 0.483500 ms MarkObjects: 8.346500 ms  DeleteObjects: 0.371000 ms)

AssetImportWorkerClient::OnTransportError - code=2 error=End of file
