Using pre-set license
Built from '2020.3/staging' branch; Version is '2020.3.6f1 (338bb68529b2) revision 3378102'; Using compiler version '192528614'; Build Type 'Release'
OS: 'Windows 10 Home; OS build 19042.1052; Version 2009; 64bit' Language: 'en' Physical Memory: 16204 MB
BatchMode: 1, IsHumanControllingUs: 0, StartBugReporterOnCrash: 0, Is64bit: 1, IsPro: 0

 COMMAND LINE ARGUMENTS:
C:\Program Files\Unity\Hub\Editor\2020.3.6f1\Editor\Unity.exe
-adb2
-batchMode
-noUpm
-name
AssetImportWorker0
-projectPath
C:/Users/joppe/OneDrive/Documenten/GitHub/The-Grave-Keeper/The Grave Keeper
-logFile
Logs/AssetImportWorker0.log
-srvPort
49280
Successfully changed project path to: C:/Users/joppe/OneDrive/Documenten/GitHub/The-Grave-Keeper/The Grave Keeper
C:/Users/joppe/OneDrive/Documenten/GitHub/The-Grave-Keeper/The Grave Keeper
Using Asset Import Pipeline V2.
Refreshing native plugins compatible for Editor in 54.10 ms, found 1 plugins.
Preloading 0 native plugins for Editor in 0.00 ms.
Initialize engine version: 2020.3.6f1 (338bb68529b2)
[Subsystems] Discovering subsystems at path C:/Program Files/Unity/Hub/Editor/2020.3.6f1/Editor/Data/Resources/UnitySubsystems
[Subsystems] Discovering subsystems at path C:/Users/joppe/OneDrive/Documenten/GitHub/The-Grave-Keeper/The Grave Keeper/Assets
GfxDevice: creating device client; threaded=0
Direct3D:
    Version:  Direct3D 11.0 [level 11.1]
    Renderer: NVIDIA GeForce RTX 2060 (ID=0x1f15)
    Vendor:   
    VRAM:     5980 MB
    Driver:   26.21.14.4223
Shader 'Universal Render Pipeline/Particles/Lit': fallback shader 'Universal Render Pipeline/Particles/SimpleLit' not found
Initialize mono
Mono path[0] = 'C:/Program Files/Unity/Hub/Editor/2020.3.6f1/Editor/Data/Managed'
Mono path[1] = 'C:/Program Files/Unity/Hub/Editor/2020.3.6f1/Editor/Data/MonoBleedingEdge/lib/mono/unityjit'
Mono config path = 'C:/Program Files/Unity/Hub/Editor/2020.3.6f1/Editor/Data/MonoBleedingEdge/etc'
Using monoOptions --debugger-agent=transport=dt_socket,embedding=1,server=y,suspend=n,address=127.0.0.1:56372
Begin MonoManager ReloadAssembly
Registering precompiled unity dll's ...
Register platform support module: C:/Program Files/Unity/Hub/Editor/2020.3.6f1/Editor/Data/PlaybackEngines/WindowsStandaloneSupport/UnityEditor.WindowsStandalone.Extensions.dll
Registered in 0.002202 seconds.
Native extension for WindowsStandalone target not found
Refreshing native plugins compatible for Editor in 53.68 ms, found 1 plugins.
Preloading 0 native plugins for Editor in 0.00 ms.
Mono: successfully reloaded assembly
- Completed reload, in  0.953 seconds
Platform modules already initialized, skipping
Registering precompiled user dll's ...
Registered in 0.005575 seconds.
Begin MonoManager ReloadAssembly
Native extension for WindowsStandalone target not found
Refreshing native plugins compatible for Editor in 54.64 ms, found 1 plugins.
Preloading 0 native plugins for Editor in 0.00 ms.
Mono: successfully reloaded assembly
- Completed reload, in  0.990 seconds
Platform modules already initialized, skipping
========================================================================
Worker process is ready to serve import requests
Shader 'Universal Render Pipeline/Particles/Lit': fallback shader 'Universal Render Pipeline/Particles/SimpleLit' not found
Launched and connected shader compiler UnityShaderCompiler.exe after 0.04 seconds
Refreshing native plugins compatible for Editor in 0.99 ms, found 1 plugins.
Preloading 0 native plugins for Editor in 0.00 ms.
Unloading 2998 Unused Serialized files (Serialized files now loaded: 0)
System memory in use before: 132.7 MB.
System memory in use after: 133.0 MB.

Unloading 29 unused Assets to reduce memory usage. Loaded Objects now: 3435.
Total: 3.305100 ms (FindLiveObjects: 0.408500 ms CreateObjectMapping: 0.319000 ms MarkObjects: 2.525700 ms  DeleteObjects: 0.049300 ms)

========================================================================
Received Import Request.
  path: Assets/Materials/Test.mat
  artifactKey: Guid(583a5869456a86e47868f992e64e2d75) Importer(815301076,1909f56bfc062723c751e8b465ee728b)
Start importing Assets/Materials/Test.mat using Guid(583a5869456a86e47868f992e64e2d75) Importer(815301076,1909f56bfc062723c751e8b465ee728b)  -> (artifact id: '98c14ef25a41e4a3ba58952fde40b3a9') in 0.270030 seconds
  Import took 0.274693 seconds .

========================================================================
Received Import Request.
  Time since last request: 0.000242 seconds.
  path: Assets/Materials/Lighting.mat
  artifactKey: Guid(280fdba9a6b7bf04eb0fce2bfae71ce4) Importer(815301076,1909f56bfc062723c751e8b465ee728b)
Start importing Assets/Materials/Lighting.mat using Guid(280fdba9a6b7bf04eb0fce2bfae71ce4) Importer(815301076,1909f56bfc062723c751e8b465ee728b)  -> (artifact id: 'f5db06bb4fb0e54377f8c45d7acaef6c') in 0.014446 seconds
  Import took 0.019062 seconds .

========================================================================
Received Import Request.
  Time since last request: 0.000193 seconds.
  path: Assets/Materials/New Physics Material 2D.physicsMaterial2D
  artifactKey: Guid(7163c5373c6720d41ac0ec454aeb77b6) Importer(815301076,1909f56bfc062723c751e8b465ee728b)
Start importing Assets/Materials/New Physics Material 2D.physicsMaterial2D using Guid(7163c5373c6720d41ac0ec454aeb77b6) Importer(815301076,1909f56bfc062723c751e8b465ee728b)  -> (artifact id: '647f038ec3e64472989d91460936414c') in 0.009533 seconds
  Import took 0.015236 seconds .

========================================================================
Received Import Request.
  Time since last request: 0.017580 seconds.
  path: Assets/Materials/New Physics Material 2D.physicsMaterial2D
  artifactKey: Guid(7163c5373c6720d41ac0ec454aeb77b6) Importer(815301076,1909f56bfc062723c751e8b465ee728b)
Start importing Assets/Materials/New Physics Material 2D.physicsMaterial2D using Guid(7163c5373c6720d41ac0ec454aeb77b6) Importer(815301076,1909f56bfc062723c751e8b465ee728b)  -> (artifact id: '647f038ec3e64472989d91460936414c') in 0.002604 seconds
  Import took 0.007225 seconds .

========================================================================
Received Import Request.
  Time since last request: 35.121207 seconds.
  path: Assets/Imagery/horse.png
  artifactKey: Guid(61574a3189941994e9a46af76de1337f) Importer(815301076,1909f56bfc062723c751e8b465ee728b)
Start importing Assets/Imagery/horse.png using Guid(61574a3189941994e9a46af76de1337f) Importer(815301076,1909f56bfc062723c751e8b465ee728b)  -> (artifact id: 'fc12c10c4fd1d2b46fa4aa8a0895b8d3') in 0.062206 seconds
  Import took 0.067009 seconds .

========================================================================
Received Import Request.
  Time since last request: 0.000164 seconds.
  path: Assets/Imagery/horse2.png
  artifactKey: Guid(a86e42cb10f259a4b8a71da2e9aac731) Importer(815301076,1909f56bfc062723c751e8b465ee728b)
Start importing Assets/Imagery/horse2.png using Guid(a86e42cb10f259a4b8a71da2e9aac731) Importer(815301076,1909f56bfc062723c751e8b465ee728b)  -> (artifact id: '915b9802a8274bcd40e93567fe60faeb') in 0.266072 seconds
  Import took 0.270477 seconds .

========================================================================
Received Import Request.
  Time since last request: 0.000154 seconds.
  path: Assets/Imagery/loopanimatie.png
  artifactKey: Guid(0418a0d82dc46eb43bec31e4c959c888) Importer(815301076,1909f56bfc062723c751e8b465ee728b)
Start importing Assets/Imagery/loopanimatie.png using Guid(0418a0d82dc46eb43bec31e4c959c888) Importer(815301076,1909f56bfc062723c751e8b465ee728b)  -> (artifact id: '1fb8a69a836046f55752fe748b31775b') in 0.023401 seconds
  Import took 0.028523 seconds .

========================================================================
Received Import Request.
  Time since last request: 0.003433 seconds.
  path: Assets/Imagery/loopanimatie.png
  artifactKey: Guid(0418a0d82dc46eb43bec31e4c959c888) Importer(815301076,1909f56bfc062723c751e8b465ee728b)
Start importing Assets/Imagery/loopanimatie.png using Guid(0418a0d82dc46eb43bec31e4c959c888) Importer(815301076,1909f56bfc062723c751e8b465ee728b)  -> (artifact id: '1fb8a69a836046f55752fe748b31775b') in 0.027676 seconds
  Import took 0.033690 seconds .

========================================================================
Received Import Request.
  Time since last request: 3.799353 seconds.
  path: Assets/Prefabs/Dialogue.prefab
  artifactKey: Guid(b888084326f7f074a8027701525b061b) Importer(815301076,1909f56bfc062723c751e8b465ee728b)
Start importing Assets/Prefabs/Dialogue.prefab using Guid(b888084326f7f074a8027701525b061b) Importer(815301076,1909f56bfc062723c751e8b465ee728b)  -> (artifact id: '052e1a74336bb490362541afb16c2c8e') in 0.053133 seconds
  Import took 0.058572 seconds .

========================================================================
Received Import Request.
  Time since last request: 0.000300 seconds.
  path: Assets/Prefabs/plr.prefab
  artifactKey: Guid(01add5a9b08c79e47a784834b296a5c3) Importer(815301076,1909f56bfc062723c751e8b465ee728b)
Start importing Assets/Prefabs/plr.prefab using Guid(01add5a9b08c79e47a784834b296a5c3) Importer(815301076,1909f56bfc062723c751e8b465ee728b)  -> (artifact id: '198caa06bc7a840ab985edd7d9ae3184') in 0.028403 seconds
  Import took 0.033311 seconds .

========================================================================
Received Import Request.
  Time since last request: 0.000396 seconds.
  path: Assets/Prefabs/HorseAndKar.prefab
  artifactKey: Guid(0ce8d173614b4254986a26981d84264e) Importer(815301076,1909f56bfc062723c751e8b465ee728b)
Start importing Assets/Prefabs/HorseAndKar.prefab using Guid(0ce8d173614b4254986a26981d84264e) Importer(815301076,1909f56bfc062723c751e8b465ee728b)  -> (artifact id: '892233cfeb9288d8118be2b8126ea86e') in 0.046055 seconds
  Import took 0.051263 seconds .

========================================================================
Received Prepare
Registering precompiled user dll's ...
Registered in 0.005862 seconds.
Begin MonoManager ReloadAssembly
Native extension for WindowsStandalone target not found
Refreshing native plugins compatible for Editor in 0.52 ms, found 1 plugins.
Preloading 0 native plugins for Editor in 0.00 ms.
Mono: successfully reloaded assembly
- Completed reload, in  0.942 seconds
Platform modules already initialized, skipping
Shader 'Universal Render Pipeline/Particles/Lit': fallback shader 'Universal Render Pipeline/Particles/SimpleLit' not found
Refreshing native plugins compatible for Editor in 0.53 ms, found 1 plugins.
Preloading 0 native plugins for Editor in 0.00 ms.
Unloading 2884 Unused Serialized files (Serialized files now loaded: 0)
System memory in use before: 130.8 MB.
System memory in use after: 131.0 MB.

Unloading 18 unused Assets to reduce memory usage. Loaded Objects now: 3522.
Total: 2.561900 ms (FindLiveObjects: 0.325500 ms CreateObjectMapping: 0.174400 ms MarkObjects: 2.043400 ms  DeleteObjects: 0.017800 ms)

========================================================================
Received Prepare
Registering precompiled user dll's ...
Registered in 0.316877 seconds.
Begin MonoManager ReloadAssembly
Native extension for WindowsStandalone target not found
Refreshing native plugins compatible for Editor in 0.52 ms, found 1 plugins.
Preloading 0 native plugins for Editor in 0.00 ms.
Mono: successfully reloaded assembly
- Completed reload, in  6.462 seconds
Platform modules already initialized, skipping
Shader 'Universal Render Pipeline/Particles/Lit': fallback shader 'Universal Render Pipeline/Particles/SimpleLit' not found
Refreshing native plugins compatible for Editor in 0.56 ms, found 1 plugins.
Preloading 0 native plugins for Editor in 0.00 ms.
Unloading 2884 Unused Serialized files (Serialized files now loaded: 0)
System memory in use before: 130.9 MB.
System memory in use after: 131.1 MB.

Unloading 18 unused Assets to reduce memory usage. Loaded Objects now: 3526.
Total: 2.442700 ms (FindLiveObjects: 0.309600 ms CreateObjectMapping: 0.192400 ms MarkObjects: 1.922200 ms  DeleteObjects: 0.017400 ms)

========================================================================
Received Prepare
Registering precompiled user dll's ...
Registered in 0.005840 seconds.
Begin MonoManager ReloadAssembly
Native extension for WindowsStandalone target not found
Refreshing native plugins compatible for Editor in 0.53 ms, found 1 plugins.
Preloading 0 native plugins for Editor in 0.00 ms.
Mono: successfully reloaded assembly
- Completed reload, in  0.938 seconds
Platform modules already initialized, skipping
Shader 'Universal Render Pipeline/Particles/Lit': fallback shader 'Universal Render Pipeline/Particles/SimpleLit' not found
Refreshing native plugins compatible for Editor in 0.55 ms, found 1 plugins.
Preloading 0 native plugins for Editor in 0.00 ms.
Unloading 2884 Unused Serialized files (Serialized files now loaded: 0)
System memory in use before: 130.9 MB.
System memory in use after: 131.1 MB.

Unloading 18 unused Assets to reduce memory usage. Loaded Objects now: 3530.
Total: 2.854200 ms (FindLiveObjects: 0.402700 ms CreateObjectMapping: 0.233400 ms MarkObjects: 2.196400 ms  DeleteObjects: 0.020300 ms)

